
/home/runner/work/exp-velocity-analysis-slider-crank-nitk/exp-velocity-analysis-slider-crank-nitk/experiment/simulation/js/MOMscript.js
    2:10  warning  'point' is defined but never used       no-unused-vars
    9:10  warning  'pointtrans' is defined but never used  no-unused-vars
   16:10  warning  'pointdisp' is defined but never used   no-unused-vars
   61:10  warning  'pointdist' is defined but never used   no-unused-vars
   69:10  warning  'pointjoin' is defined but never used   no-unused-vars
   83:10  warning  'pointtrace' is defined but never used  no-unused-vars
   98:10  warning  'deg' is defined but never used         no-unused-vars
  106:10  warning  'drawrect' is defined but never used    no-unused-vars
  163:10  warning  'drawArrow' is defined but never used   no-unused-vars
  191:10  warning  'signof' is defined but never used      no-unused-vars
  196:10  warning  'roundd' is defined but never used      no-unused-vars
  201:10  warning  'plotgraph' is defined but never used   no-unused-vars
  210:3   warning  'i' is not defined                      no-undef
  212:10  warning  'i' is not defined                      no-undef
  213:23  warning  'i' is not defined                      no-undef
  213:31  warning  'i' is not defined                      no-undef
  214:5   warning  'i' is not defined                      no-undef
  215:9   warning  'i' is not defined                      no-undef
  217:7   warning  'i' is not defined                      no-undef
  217:11  warning  'i' is not defined                      no-undef

/home/runner/work/exp-velocity-analysis-slider-crank-nitk/exp-velocity-analysis-slider-crank-nitk/experiment/simulation/js/dpi.js
  39:5  error  Parsing error: Identifier 'canvas' has already been declared

/home/runner/work/exp-velocity-analysis-slider-crank-nitk/exp-velocity-analysis-slider-crank-nitk/experiment/simulation/js/jquery-3.6.0.js
      5:44  warning  'module' is not defined                                                    no-undef
      7:5   warning  'module' is not defined                                                    no-undef
    667:22  warning  Unexpected control character(s) in regular expression: \x1f, \x1f          no-control-regex
    729:50  warning  Empty block statement                                                      no-empty
   2135:38  warning  Do not access Object.prototype method 'hasOwnProperty' from target object  no-prototype-builtins
   3155:16  warning  Unnecessary escape character: \/                                           no-useless-escape
   3457:52  warning  Empty block statement                                                      no-empty
   4534:21  warning  Empty block statement                                                      no-empty
   5001:28  warning  Unnecessary escape character: \/                                           no-useless-escape
   5218:19  warning  Empty block statement                                                      no-empty
   6514:25  warning  Empty block statement                                                      no-empty
   9121:17  warning  Empty block statement                                                      no-empty
   9769:28  warning  'urlAnchor.href' is assigned to itself                                     no-self-assign
  10219:17  warning  Empty block statement                                                      no-empty
  11112:39  warning  'define' is not defined                                                    no-undef
  11113:5   warning  'define' is not defined                                                    no-undef

/home/runner/work/exp-velocity-analysis-slider-crank-nitk/exp-velocity-analysis-slider-crank-nitk/experiment/simulation/js/jquery-ui.js
      6:39  warning  'define' is not defined                                      no-undef
      8:5   warning  'define' is not defined                                      no-undef
     11:13  warning  'jQuery' is not defined                                      no-undef
     18:7   warning  'version' is assigned a value but never used                 no-unused-vars
    780:7   warning  'widget' is assigned a value but never used                  no-unused-vars
    805:19  warning  Unnecessary escape character: \+                             no-useless-escape
    805:21  warning  Unnecessary escape character: \-                             no-useless-escape
   1348:7   warning  'position' is assigned a value but never used                no-unused-vars
   1364:7   warning  'data' is assigned a value but never used                    no-unused-vars
   1393:7   warning  'disableSelection' is assigned a value but never used        no-unused-vars
   1435:23  warning  Unnecessary escape character: \-                             no-useless-escape
   1445:39  warning  Unnecessary escape character: \%                             no-useless-escape
   1445:63  warning  Unnecessary escape character: \%                             no-useless-escape
   1445:87  warning  Unnecessary escape character: \%                             no-useless-escape
   1482:61  warning  Unnecessary escape character: \%                             no-useless-escape
   1482:85  warning  Unnecessary escape character: \%                             no-useless-escape
   2061:29  warning  Empty block statement                                        no-empty
   3101:63  warning  Empty block statement                                        no-empty
   3137:7   warning  'effectsEffectBlind' is assigned a value but never used      no-unused-vars
   3198:7   warning  'effectsEffectBounce' is assigned a value but never used     no-unused-vars
   3290:7   warning  'effectsEffectClip' is assigned a value but never used       no-unused-vars
   3341:7   warning  'effectsEffectDrop' is assigned a value but never used       no-unused-vars
   3399:7   warning  'effectsEffectExplode' is assigned a value but never used    no-unused-vars
   3504:7   warning  'effectsEffectFade' is assigned a value but never used       no-unused-vars
   3541:7   warning  'effectsEffectFold' is assigned a value but never used       no-unused-vars
   3620:7   warning  'effectsEffectHighlight' is assigned a value but never used  no-unused-vars
   3664:7   warning  'effectsEffectSize' is assigned a value but never used       no-unused-vars
   3865:7   warning  'effectsEffectScale' is assigned a value but never used      no-unused-vars
   3910:7   warning  'effectsEffectPuff' is assigned a value but never used       no-unused-vars
   3938:7   warning  'effectsEffectPulsate' is assigned a value but never used    no-unused-vars
   3988:7   warning  'effectsEffectShake' is assigned a value but never used      no-unused-vars
   4043:7   warning  'effectsEffectSlide' is assigned a value but never used      no-unused-vars
   4108:7   warning  'effect' is already defined                                  no-redeclare
   4114:7   warning  'effectsEffectTransfer' is assigned a value but never used   no-unused-vars
   4190:7   warning  'focusable' is assigned a value but never used               no-unused-vars
   4195:7   warning  'form' is assigned a value but never used                    no-unused-vars
   4215:7   warning  'formResetMixin' is assigned a value but never used          no-unused-vars
   4292:22  warning  Unexpected control character(s) in regular expression: \x1f  no-control-regex
   4350:7   warning  'keycode' is assigned a value but never used                 no-unused-vars
   4383:7   warning  'labels' is assigned a value but never used                  no-unused-vars
   4436:7   warning  'scrollParent' is assigned a value but never used            no-unused-vars
   4473:7   warning  'tabbable' is assigned a value but never used                no-unused-vars
   4497:7   warning  'uniqueId' is assigned a value but never used                no-unused-vars
   4539:7   warning  'widgetsAccordion' is assigned a value but never used        no-unused-vars
   5168:7   warning  'safeActiveElement' is assigned a value but never used       no-unused-vars
   5214:7   warning  'widgetsMenu' is assigned a value but never used             no-unused-vars
   5920:13  warning  Unnecessary escape character: \-                             no-useless-escape
   5920:15  warning  Unnecessary escape character: \[                             no-useless-escape
   5920:30  warning  Unnecessary escape character: \^                             no-useless-escape
   6562:30  warning  Unnecessary escape character: \-                             no-useless-escape
   6562:32  warning  Unnecessary escape character: \[                             no-useless-escape
   6562:47  warning  Unnecessary escape character: \^                             no-useless-escape
   6607:7   warning  'widgetsAutocomplete' is assigned a value but never used     no-unused-vars
   6629:7   warning  'widgetsControlgroup' is assigned a value but never used     no-unused-vars
   7220:7   warning  'widgetsCheckboxradio' is assigned a value but never used    no-unused-vars
   7667:7   warning  'widgetsButton' is assigned a value but never used           no-unused-vars
   7902:51  warning  Unnecessary escape character: \-                             no-useless-escape
   8601:23  warning  Empty block statement                                        no-empty
   9307:18  warning  Unexpected constant condition                                no-constant-condition
   9604:27  warning  Unnecessary escape character: \-                             no-useless-escape
  10274:40  warning  Unnecessary escape character: \-                             no-useless-escape
  10276:32  warning  Unnecessary escape character: \-                             no-useless-escape
  10416:35  warning  Unnecessary escape character: \-                             no-useless-escape
  10419:35  warning  Unnecessary escape character: \-                             no-useless-escape
  10584:7   warning  'widgetsDatepicker' is assigned a value but never used       no-unused-vars
  10587:7   warning  'ie' is assigned a value but never used                      no-unused-vars
  10608:7   warning  'widgetsMouse' is assigned a value but never used            no-unused-vars
  10816:7   warning  'plugin' is assigned a value but never used                  no-unused-vars
  10849:7   warning  'safeBlur' is assigned a value but never used                no-unused-vars
  12150:7   warning  'widgetsDraggable' is assigned a value but never used        no-unused-vars
  13409:7   warning  'widgetsResizable' is assigned a value but never used        no-unused-vars
  14364:7   warning  'widgetsDialog' is assigned a value but never used           no-unused-vars
  14883:7   warning  'widgetsDroppable' is assigned a value but never used        no-unused-vars
  14905:7   warning  'widgetsProgressbar' is assigned a value but never used      no-unused-vars
  15062:7   warning  'widgetsSelectable' is assigned a value but never used       no-unused-vars
  15380:7   warning  'widgetsSelectmenu' is assigned a value but never used       no-unused-vars
  16065:7   warning  'widgetsSlider' is assigned a value but never used           no-unused-vars
  16857:7   warning  'widgetsSortable' is assigned a value but never used         no-unused-vars
  17457:33  warning  Unnecessary escape character: \-                             no-useless-escape
  19034:15  warning  'Globalize' is not defined                                   no-undef
  19045:11  warning  'Globalize' is not defined                                   no-undef
  19165:7   warning  'widgetsSpinner' is assigned a value but never used          no-unused-vars
  19221:25  warning  Empty block statement                                        no-empty
  19224:25  warning  Empty block statement                                        no-empty
  19463:38  warning  Unnecessary escape character: \/                             no-useless-escape
  19463:47  warning  Unnecessary escape character: \[                             no-useless-escape
  19463:51  warning  Unnecessary escape character: \^                             no-useless-escape
  20088:7   warning  'widgetsTabs' is assigned a value but never used             no-unused-vars
  20599:7   warning  'widgetsTooltip' is assigned a value but never used          no-unused-vars

/home/runner/work/exp-velocity-analysis-slider-crank-nitk/exp-velocity-analysis-slider-crank-nitk/experiment/simulation/js/jquery.ui.touch-punch.js
  157:4  warning  'jQuery' is not defined  no-undef

/home/runner/work/exp-velocity-analysis-slider-crank-nitk/exp-velocity-analysis-slider-crank-nitk/experiment/simulation/js/jquery.ui.touch-punch.min.js
  72:4  warning  'jQuery' is not defined  no-undef

/home/runner/work/exp-velocity-analysis-slider-crank-nitk/exp-velocity-analysis-slider-crank-nitk/experiment/simulation/js/script.js
   3:7   warning  'ctx' is assigned a value but never used  no-unused-vars
  10:3   warning  '$' is not defined                        no-undef
  11:3   warning  '$' is not defined                        no-undef
  12:3   warning  '$' is not defined                        no-undef
  13:3   warning  '$' is not defined                        no-undef
  14:3   warning  '$' is not defined                        no-undef
  15:3   warning  '$' is not defined                        no-undef
  16:3   warning  '$' is not defined                        no-undef
  17:3   warning  '$' is not defined                        no-undef
  20:3   warning  '$' is not defined                        no-undef
  21:3   warning  '$' is not defined                        no-undef
  23:3   warning  '$' is not defined                        no-undef
  24:5   warning  '$' is not defined                        no-undef
  25:5   warning  'time' is not defined                     no-undef
  28:3   warning  '$' is not defined                        no-undef
  29:5   warning  '$' is not defined                        no-undef
  30:5   warning  'time' is not defined                     no-undef
  33:3   warning  '$' is not defined                        no-undef
  37:3   warning  '$' is not defined                        no-undef
  38:3   warning  '$' is not defined                        no-undef
  40:3   warning  '$' is not defined                        no-undef
  41:5   warning  '$' is not defined                        no-undef
  42:5   warning  'time' is not defined                     no-undef
  45:3   warning  '$' is not defined                        no-undef
  46:5   warning  '$' is not defined                        no-undef
  47:5   warning  'time' is not defined                     no-undef
  50:3   warning  '$' is not defined                        no-undef
  53:3   warning  '$' is not defined                        no-undef
  57:3   warning  '$' is not defined                        no-undef
  58:3   warning  '$' is not defined                        no-undef
  60:3   warning  '$' is not defined                        no-undef
  61:5   warning  '$' is not defined                        no-undef
  62:5   warning  'time' is not defined                     no-undef
  65:3   warning  '$' is not defined                        no-undef
  66:5   warning  '$' is not defined                        no-undef
  67:5   warning  'time' is not defined                     no-undef
  70:3   warning  '$' is not defined                        no-undef
  73:3   warning  '$' is not defined                        no-undef
  74:3   warning  '$' is not defined                        no-undef
  77:3   warning  '$' is not defined                        no-undef
  77:38  warning  '$' is not defined                        no-undef
  78:3   warning  '$' is not defined                        no-undef
  78:40  warning  '$' is not defined                        no-undef
  79:3   warning  '$' is not defined                        no-undef
  79:38  warning  '$' is not defined                        no-undef
  80:3   warning  'endmass' is not defined                  no-undef
  80:13  warning  '$' is not defined                        no-undef
  81:3   warning  'beamlength' is not defined               no-undef
  81:16  warning  '$' is not defined                        no-undef
  82:3   warning  'dampingratio' is not defined             no-undef
  82:18  warning  '$' is not defined                        no-undef
  84:3   warning  Unnecessary semicolon                     no-extra-semi

/home/runner/work/exp-velocity-analysis-slider-crank-nitk/exp-velocity-analysis-slider-crank-nitk/experiment/simulation/js/script1.js
    8:5   warning  'commenttext' is assigned a value but never used  no-unused-vars
    9:5   warning  'commentloc' is assigned a value but never used   no-unused-vars
   11:17  warning  'point' is not defined                            no-undef
   12:18  warning  'point' is not defined                            no-undef
   15:13  warning  'point' is not defined                            no-undef
   16:13  warning  'point' is not defined                            no-undef
   17:13  warning  'point' is not defined                            no-undef
   18:14  warning  'point' is not defined                            no-undef
   19:14  warning  'point' is not defined                            no-undef
   20:14  warning  'point' is not defined                            no-undef
   21:15  warning  'point' is not defined                            no-undef
   22:14  warning  'point' is not defined                            no-undef
   23:14  warning  'point' is not defined                            no-undef
   24:15  warning  'point' is not defined                            no-undef
   32:1   warning  'theta3' is not defined                           no-undef
   39:5   warning  'flaggrashof' is assigned a value but never used  no-unused-vars
   41:13  warning  'canvas2' is defined but never used               no-unused-vars
   42:10  warning  'ctx2' is defined but never used                  no-unused-vars
   46:5   warning  'time' is assigned a value but never used         no-unused-vars
   48:5   warning  'ptx' is assigned a value but never used          no-unused-vars
   49:5   warning  'pty' is assigned a value but never used          no-unused-vars
   51:5   warning  'legendCS' is assigned a value but never used     no-unused-vars
   52:5   warning  'quickrefCS' is assigned a value but never used   no-unused-vars
   54:5   warning  'temp' is assigned a value but never used         no-unused-vars
   59:10  warning  'editcss' is defined but never used               no-unused-vars
   60:3   warning  '$' is not defined                                no-undef
   61:3   warning  '$' is not defined                                no-undef
   62:3   warning  '$' is not defined                                no-undef
   68:10  warning  'startsim' is defined but never used              no-unused-vars
   73:10  warning  'simstate' is defined but never used              no-unused-vars
   83:5   warning  '$' is not defined                                no-undef
   98:10  warning  'rotstate' is defined but never used              no-unused-vars
  115:10  warning  'varinit' is defined but never used               no-unused-vars
  118:3   warning  '$' is not defined                                no-undef
  119:3   warning  '$' is not defined                                no-undef
  121:3   warning  '$' is not defined                                no-undef
  122:3   warning  '$' is not defined                                no-undef
  124:3   warning  '$' is not defined                                no-undef
  125:3   warning  '$' is not defined                                no-undef
  127:3   warning  '$' is not defined                                no-undef
  128:3   warning  '$' is not defined                                no-undef
  134:3   warning  '$' is not defined                                no-undef
  135:3   warning  '$' is not defined                                no-undef
  137:3   warning  '$' is not defined                                no-undef
  138:5   warning  '$' is not defined                                no-undef
  142:3   warning  '$' is not defined                                no-undef
  143:5   warning  '$' is not defined                                no-undef
  147:3   warning  '$' is not defined                                no-undef
  152:3   warning  '$' is not defined                                no-undef
  153:3   warning  '$' is not defined                                no-undef
  155:3   warning  '$' is not defined                                no-undef
  156:5   warning  '$' is not defined                                no-undef
  160:3   warning  '$' is not defined                                no-undef
  161:5   warning  '$' is not defined                                no-undef
  165:3   warning  '$' is not defined                                no-undef
  170:3   warning  '$' is not defined                                no-undef
  171:3   warning  '$' is not defined                                no-undef
  174:3   warning  '$' is not defined                                no-undef
  175:5   warning  '$' is not defined                                no-undef
  179:3   warning  '$' is not defined                                no-undef
  180:5   warning  '$' is not defined                                no-undef
  184:3   warning  '$' is not defined                                no-undef
  189:3   warning  '$' is not defined                                no-undef
  190:3   warning  '$' is not defined                                no-undef
  193:3   warning  '$' is not defined                                no-undef
  194:5   warning  '$' is not defined                                no-undef
  198:3   warning  '$' is not defined                                no-undef
  199:5   warning  '$' is not defined                                no-undef
  203:3   warning  '$' is not defined                                no-undef
  212:3   warning  '$' is not defined                                no-undef
  212:34  warning  '$' is not defined                                no-undef
  213:3   warning  '$' is not defined                                no-undef
  213:34  warning  '$' is not defined                                no-undef
  214:3   warning  '$' is not defined                                no-undef
  214:38  warning  '$' is not defined                                no-undef
  216:7   warning  '$' is not defined                                no-undef
  217:7   warning  '$' is not defined                                no-undef
  218:3   warning  '$' is not defined                                no-undef
  218:36  warning  '$' is not defined                                no-undef
  219:3   warning  '$' is not defined                                no-undef
  219:38  warning  '$' is not defined                                no-undef
  220:3   warning  '$' is not defined                                no-undef
  220:38  warning  '$' is not defined                                no-undef
  221:3   warning  '$' is not defined                                no-undef
  221:40  warning  '$' is not defined                                no-undef
  223:5   warning  '$' is not defined                                no-undef
  224:5   warning  '$' is not defined                                no-undef
  226:5   warning  '$' is not defined                                no-undef
  227:5   warning  '$' is not defined                                no-undef
  228:26  warning  '$' is not defined                                no-undef
  230:29  warning  'deg' is not defined                              no-undef
  235:5   warning  '$' is not defined                                no-undef
  236:5   warning  '$' is not defined                                no-undef
  237:5   warning  '$' is not defined                                no-undef
  238:5   warning  '$' is not defined                                no-undef
  239:26  warning  '$' is not defined                                no-undef
  240:14  warning  '$' is not defined                                no-undef
  242:9   warning  'deg' is not defined                              no-undef
  242:37  warning  'rad' is not defined                              no-undef
  243:3   warning  'theta3' is not defined                           no-undef
  246:47  warning  'rad' is not defined                              no-undef
  247:47  warning  'rad' is not defined                              no-undef
  248:47  warning  'rad' is not defined                              no-undef
  260:28  warning  'rad' is not defined                              no-undef
  260:58  warning  'rad' is not defined                              no-undef
  261:27  warning  'rad' is not defined                              no-undef
  261:58  warning  'rad' is not defined                              no-undef
  264:52  warning  'rad' is not defined                              no-undef
  265:52  warning  'rad' is not defined                              no-undef
  266:54  warning  'rad' is not defined                              no-undef
  267:54  warning  'rad' is not defined                              no-undef
  268:52  warning  'rad' is not defined                              no-undef
  269:52  warning  'rad' is not defined                              no-undef
  279:7   warning  'roundd' is not defined                           no-undef
  281:7   warning  'roundd' is not defined                           no-undef
  283:7   warning  'roundd' is not defined                           no-undef
  285:7   warning  'roundd' is not defined                           no-undef
  298:3   warning  'pointtrans' is not defined                       no-undef
  299:3   warning  'pointtrans' is not defined                       no-undef
  300:3   warning  'pointtrans' is not defined                       no-undef
  318:3   warning  'pointjoin' is not defined                        no-undef
  320:3   warning  'pointdisp' is not defined                        no-undef
  322:3   warning  'pointjoin' is not defined                        no-undef
  324:3   warning  'pointdisp' is not defined                        no-undef
  326:3   warning  'pointdisp' is not defined                        no-undef
  332:3   warning  'drawrect' is not defined                         no-undef
  348:18  warning  'context' is defined but never used               no-unused-vars
  350:8   warning  'pointtrans' is not defined                       no-undef
  351:8   warning  'pointtrans' is not defined                       no-undef
  352:9   warning  'pointtrans' is not defined                       no-undef
  353:8   warning  'pointtrans' is not defined                       no-undef
  355:3   warning  'pointjoin' is not defined                        no-undef
  356:3   warning  'drawArrow' is not defined                        no-undef
  366:3   warning  'pointjoin' is not defined                        no-undef
  367:3   warning  'drawArrow' is not defined                        no-undef
  371:17  warning  'signof' is not defined                           no-undef
  377:3   warning  'pointjoin' is not defined                        no-undef
  378:3   warning  'drawArrow' is not defined                        no-undef
  382:10  warning  'signof' is not defined                           no-undef
  390:3   warning  'pointdisp' is not defined                        no-undef
  394:3   warning  'pointdisp' is not defined                        no-undef
  398:3   warning  'pointdisp' is not defined                        no-undef
  419:3   warning  'drawArrow' is not defined                        no-undef
  430:3   warning  'drawArrow' is not defined                        no-undef

✖ 324 problems (1 error, 323 warnings)
  0 errors and 1 warning potentially fixable with the `--fix` option.

